<?xml version="1.0" encoding="UTF-8"?>
<!-- Generated by org.testng.reporters.JUnitXMLReporter -->
<testsuite hostname="DESKTOP-D0IPNU4" ignored="2" name="Default test(failed)" tests="1" failures="1" timestamp="10 Jan 2024 16:10:29 GMT" time="0.029" errors="0">
  <testcase name="tc12" time="0.008" classname="org.testngsmart.A">
    <failure type="java.lang.AssertionError" message="verify the assert expected [true] but found [false]">
      <![CDATA[java.lang.AssertionError: verify the assert expected [true] but found [false]
... Removed 29 stack frames]]>
    </failure>
  </testcase> <!-- tc12 -->
  <testcase name="tc13" time="0.0" classname="org.testngsmart.A">
    <ignored/>
  </testcase> <!-- tc13 -->
  <testcase name="tc11" time="0.0" classname="org.testngsmart.A">
    <ignored/>
  </testcase> <!-- tc11 -->
</testsuite> <!-- Default test(failed) -->
