<?xml version="1.0" encoding="UTF-8"?>
<!-- Generated by org.testng.reporters.JUnitXMLReporter -->
<testsuite hostname="DESKTOP-D0IPNU4" name="Test" tests="1" failures="0" timestamp="13 Jan 2024 11:15:49 GMT" time="0.139" errors="0">
  <testcase name="@BeforeClass browserLaunch" time="0.0" classname="org.testngsmart.AdactinHotel">
    <failure type="java.lang.StackOverflowError">
      <![CDATA[java.lang.StackOverflowError
... Removed 1024 stack frames]]>
    </failure>
  </testcase> <!-- @BeforeClass browserLaunch -->
  <testcase name="@BeforeMethod endTime" time="0.0" classname="org.testngsmart.AdactinHotel">
    <skipped/>
  </testcase> <!-- @BeforeMethod endTime -->
  <testcase name="@BeforeMethod start" time="0.0" classname="org.testngsmart.AdactinHotel">
    <skipped/>
  </testcase> <!-- @BeforeMethod start -->
  <testcase name="testCase1" time="0.003" classname="org.testngsmart.AdactinHotel">
    <skipped/>
  </testcase> <!-- testCase1 -->
</testsuite> <!-- Test -->
