<?xml version="1.0" encoding="UTF-8"?>
<!-- Generated by org.testng.reporters.JUnitXMLReporter -->
<testsuite hostname="DESKTOP-D0IPNU4" ignored="2" name="Default test(failed)(failed)" tests="1" failures="0" timestamp="10 Jan 2024 16:11:56 GMT" time="0.033" errors="0">
  <testcase name="tc12" time="0.012" classname="org.testngsmart.A"/>
  <testcase name="tc13" time="0.0" classname="org.testngsmart.A">
    <ignored/>
  </testcase> <!-- tc13 -->
  <testcase name="tc11" time="0.0" classname="org.testngsmart.A">
    <ignored/>
  </testcase> <!-- tc11 -->
</testsuite> <!-- Default test(failed)(failed) -->
