<?xml version="1.0" encoding="UTF-8"?>
<testng-results skipped="1" failed="0" total="1" passed="0">
  <reporter-output>
  </reporter-output>
  <suite name="Suite" duration-ms="139" started-at="2024-01-13T11:15:49Z" finished-at="2024-01-13T11:15:49Z">
    <groups>
    </groups>
    <test name="Test" duration-ms="139" started-at="2024-01-13T11:15:49Z" finished-at="2024-01-13T11:15:49Z">
      <class name="org.testngsmart.AdactinHotel">
        <test-method status="FAIL" signature="browserLaunch()[pri:0, instance:org.testngsmart.AdactinHotel@1a968a59]" name="browserLaunch" is-config="true" duration-ms="0" started-at="2024-01-13T16:45:49Z" finished-at="2024-01-13T16:45:49Z">
          <exception class="java.lang.StackOverflowError">
            <full-stacktrace>
              <![CDATA[java.lang.StackOverflowError
	at org.testngsmart.AdactinHotel.browserLaunch(AdactinHotel.java:15)
	at org.testngsmart.AdactinHotel.browserLaunch(AdactinHotel.java:15)
	at org.testngsmart.AdactinHotel.browserLaunch(AdactinHotel.java:15)
	at org.testngsmart.AdactinHotel.browserLaunch(AdactinHotel.java:15)
	at org.testngsmart.AdactinHotel.browserLaunch(AdactinHotel.java:15)
	at org.testngsmart.AdactinHotel.browserLaunch(AdactinHotel.java:15)
	at org.testngsmart.AdactinHotel.browserLaunch(AdactinHotel.java:15)
	at org.testngsmart.AdactinHotel.browserLaunch(AdactinHotel.java:15)
	at org.testngsmart.AdactinHotel.browserLaunch(AdactinHotel.java:15)
	at org.testngsmart.AdactinHotel.browserLaunch(AdactinHotel.java:15)
	at org.testngsmart.AdactinHotel.browserLaunch(AdactinHotel.java:15)
	at org.testngsmart.AdactinHotel.browserLaunch(AdactinHotel.java:15)
	at org.testngsmart.AdactinHotel.browserLaunch(AdactinHotel.java:15)
	at org.testngsmart.AdactinHotel.browserLaunch(AdactinHotel.java:15)
	at org.testngsmart.AdactinHotel.browserLaunch(AdactinHotel.java:15)
	at org.testngsmart.AdactinHotel.browserLaunch(AdactinHotel.java:15)
	at org.testngsmart.AdactinHotel.browserLaunch(AdactinHotel.java:15)
	at org.testngsmart.AdactinHotel.browserLaunch(AdactinHotel.java:15)
	at org.testngsmart.AdactinHotel.browserLaunch(AdactinHotel.java:15)
	at org.testngsmart.AdactinHotel.browserLaunch(AdactinHotel.java:15)
	at org.testngsmart.AdactinHotel.browserLaunch(AdactinHotel.java:15)
	at org.testngsmart.AdactinHotel.browserLaunch(AdactinHotel.java:15)
	at org.testngsmart.AdactinHotel.browserLaunch(AdactinHotel.java:15)
	at org.testngsmart.AdactinHotel.browserLaunch(AdactinHotel.java:15)
	at org.testngsmart.AdactinHotel.browserLaunch(AdactinHotel.java:15)
	at org.testngsmart.AdactinHotel.browserLaunch(AdactinHotel.java:15)
	at org.testngsmart.AdactinHotel.browserLaunch(AdactinHotel.java:15)
	at org.testngsmart.AdactinHotel.browserLaunch(AdactinHotel.java:15)
	at org.testngsmart.AdactinHotel.browserLaunch(AdactinHotel.java:15)
	at org.testngsmart.AdactinHotel.browserLaunch(AdactinHotel.java:15)
	at org.testngsmart.AdactinHotel.browserLaunch(AdactinHotel.java:15)
	at org.testngsmart.AdactinHotel.browserLaunch(AdactinHotel.java:15)
	at org.testngsmart.AdactinHotel.browserLaunch(AdactinHotel.java:15)
	at org.testngsmart.AdactinHotel.browserLaunch(AdactinHotel.java:15)
	at org.testngsmart.AdactinHotel.browserLaunch(AdactinHotel.java:15)
	at org.testngsmart.AdactinHotel.browserLaunch(AdactinHotel.java:15)
	at org.testngsmart.AdactinHotel.browserLaunch(AdactinHotel.java:15)
	at org.testngsmart.AdactinHotel.browserLaunch(AdactinHotel.java:15)
	at org.testngsmart.AdactinHotel.browserLaunch(AdactinHotel.java:15)
	at org.testngsmart.AdactinHotel.browserLaunch(AdactinHotel.java:15)
	at org.testngsmart.AdactinHotel.browserLaunch(AdactinHotel.java:15)
	at org.testngsmart.AdactinHotel.browserLaunch(AdactinHotel.java:15)
	at org.testngsmart.AdactinHotel.browserLaunch(AdactinHotel.java:15)
	at org.testngsmart.AdactinHotel.browserLaunch(AdactinHotel.java:15)
	at org.testngsmart.AdactinHotel.browserLaunch(AdactinHotel.java:15)
	at org.testngsmart.AdactinHotel.browserLaunch(AdactinHotel.java:15)
	at org.testngsmart.AdactinHotel.browserLaunch(AdactinHotel.java:15)
	at org.testngsmart.AdactinHotel.browserLaunch(AdactinHotel.java:15)
	at org.testngsmart.AdactinHotel.browserLaunch(AdactinHotel.java:15)
	at org.testngsmart.AdactinHotel.browserLaunch(AdactinHotel.java:15)
	at org.testngsmart.AdactinHotel.browserLaunch(AdactinHotel.java:15)
	at org.testngsmart.AdactinHotel.browserLaunch(AdactinHotel.java:15)
	at org.testngsmart.AdactinHotel.browserLaunch(AdactinHotel.java:15)
	at org.testngsmart.AdactinHotel.browserLaunch(AdactinHotel.java:15)
	at org.testngsmart.AdactinHotel.browserLaunch(AdactinHotel.java:15)
	at org.testngsmart.AdactinHotel.browserLaunch(AdactinHotel.java:15)
	at org.testngsmart.AdactinHotel.browserLaunch(AdactinHotel.java:15)
	at org.testngsmart.AdactinHotel.browserLaunch(AdactinHotel.java:15)
	at org.testngsmart.AdactinHotel.browserLaunch(AdactinHotel.java:15)
	at org.testngsmart.AdactinHotel.browserLaunch(AdactinHotel.java:15)
	at org.testngsmart.AdactinHotel.browserLaunch(AdactinHotel.java:15)
	at org.testngsmart.AdactinHotel.browserLaunch(AdactinHotel.java:15)
	at org.testngsmart.AdactinHotel.browserLaunch(AdactinHotel.java:15)
	at org.testngsmart.AdactinHotel.browserLaunch(AdactinHotel.java:15)
	at org.testngsmart.AdactinHotel.browserLaunch(AdactinHotel.java:15)
	at org.testngsmart.AdactinHotel.browserLaunch(AdactinHotel.java:15)
	at org.testngsmart.AdactinHotel.browserLaunch(AdactinHotel.java:15)
	at org.testngsmart.AdactinHotel.browserLaunch(AdactinHotel.java:15)
	at org.testngsmart.AdactinHotel.browserLaunch(AdactinHotel.java:15)
	at org.testngsmart.AdactinHotel.browserLaunch(AdactinHotel.java:15)
	at org.testngsmart.AdactinHotel.browserLaunch(AdactinHotel.java:15)
	at org.testngsmart.AdactinHotel.browserLaunch(AdactinHotel.java:15)
	at org.testngsmart.AdactinHotel.browserLaunch(AdactinHotel.java:15)
	at org.testngsmart.AdactinHotel.browserLaunch(AdactinHotel.java:15)
	at org.testngsmart.AdactinHotel.browserLaunch(AdactinHotel.java:15)
	at org.testngsmart.AdactinHotel.browserLaunch(AdactinHotel.java:15)
	at org.testngsmart.AdactinHotel.browserLaunch(AdactinHotel.java:15)
	at org.testngsmart.AdactinHotel.browserLaunch(AdactinHotel.java:15)
	at org.testngsmart.AdactinHotel.browserLaunch(AdactinHotel.java:15)
	at org.testngsmart.AdactinHotel.browserLaunch(AdactinHotel.java:15)
	at org.testngsmart.AdactinHotel.browserLaunch(AdactinHotel.java:15)
	at org.testngsmart.AdactinHotel.browserLaunch(AdactinHotel.java:15)
	at org.testngsmart.AdactinHotel.browserLaunch(AdactinHotel.java:15)
	at org.testngsmart.AdactinHotel.browserLaunch(AdactinHotel.java:15)
	at org.testngsmart.AdactinHotel.browserLaunch(AdactinHotel.java:15)
	at org.testngsmart.AdactinHotel.browserLaunch(AdactinHotel.java:15)
	at org.testngsmart.AdactinHotel.browserLaunch(AdactinHotel.java:15)
	at org.testngsmart.AdactinHotel.browserLaunch(AdactinHotel.java:15)
	at org.testngsmart.AdactinHotel.browserLaunch(AdactinHotel.java:15)
	at org.testngsmart.AdactinHotel.browserLaunch(AdactinHotel.java:15)
	at org.testngsmart.AdactinHotel.browserLaunch(AdactinHotel.java:15)
	at org.testngsmart.AdactinHotel.browserLaunch(AdactinHotel.java:15)
	at org.testngsmart.AdactinHotel.browserLaunch(AdactinHotel.java:15)
	at org.testngsmart.AdactinHotel.browserLaunch(AdactinHotel.java:15)
	at org.testngsmart.AdactinHotel.browserLaunch(AdactinHotel.java:15)
	at org.testngsmart.AdactinHotel.browserLaunch(AdactinHotel.java:15)
	at org.testngsmart.AdactinHotel.browserLaunch(AdactinHotel.java:15)
	at org.testngsmart.AdactinHotel.browserLaunch(AdactinHotel.java:15)
	at org.testngsmart.AdactinHotel.browserLaunch(AdactinHotel.java:15)
	at org.testngsmart.AdactinHotel.browserLaunch(AdactinHotel.java:15)
	at org.testngsmart.AdactinHotel.browserLaunch(AdactinHotel.java:15)
	at org.testngsmart.AdactinHotel.browserLaunch(AdactinHotel.java:15)
	at org.testngsmart.AdactinHotel.browserLaunch(AdactinHotel.java:15)
	at org.testngsmart.AdactinHotel.browserLaunch(AdactinHotel.java:15)
	at org.testngsmart.AdactinHotel.browserLaunch(AdactinHotel.java:15)
	at org.testngsmart.AdactinHotel.browserLaunch(AdactinHotel.java:15)
	at org.testngsmart.AdactinHotel.browserLaunch(AdactinHotel.java:15)
	at org.testngsmart.AdactinHotel.browserLaunch(AdactinHotel.java:15)
	at org.testngsmart.AdactinHotel.browserLaunch(AdactinHotel.java:15)
	at org.testngsmart.AdactinHotel.browserLaunch(AdactinHotel.java:15)
	at org.testngsmart.AdactinHotel.browserLaunch(AdactinHotel.java:15)
	at org.testngsmart.AdactinHotel.browserLaunch(AdactinHotel.java:15)
	at org.testngsmart.AdactinHotel.browserLaunch(AdactinHotel.java:15)
	at org.testngsmart.AdactinHotel.browserLaunch(AdactinHotel.java:15)
	at org.testngsmart.AdactinHotel.browserLaunch(AdactinHotel.java:15)
	at org.testngsmart.AdactinHotel.browserLaunch(AdactinHotel.java:15)
	at org.testngsmart.AdactinHotel.browserLaunch(AdactinHotel.java:15)
	at org.testngsmart.AdactinHotel.browserLaunch(AdactinHotel.java:15)
	at org.testngsmart.AdactinHotel.browserLaunch(AdactinHotel.java:15)
	at org.testngsmart.AdactinHotel.browserLaunch(AdactinHotel.java:15)
	at org.testngsmart.AdactinHotel.browserLaunch(AdactinHotel.java:15)
	at org.testngsmart.AdactinHotel.browserLaunch(AdactinHotel.java:15)
	at org.testngsmart.AdactinHotel.browserLaunch(AdactinHotel.java:15)
	at org.testngsmart.AdactinHotel.browserLaunch(AdactinHotel.java:15)
	at org.testngsmart.AdactinHotel.browserLaunch(AdactinHotel.java:15)
	at org.testngsmart.AdactinHotel.browserLaunch(AdactinHotel.java:15)
	at org.testngsmart.AdactinHotel.browserLaunch(AdactinHotel.java:15)
	at org.testngsmart.AdactinHotel.browserLaunch(AdactinHotel.java:15)
	at org.testngsmart.AdactinHotel.browserLaunch(AdactinHotel.java:15)
	at org.testngsmart.AdactinHotel.browserLaunch(AdactinHotel.java:15)
	at org.testngsmart.AdactinHotel.browserLaunch(AdactinHotel.java:15)
	at org.testngsmart.AdactinHotel.browserLaunch(AdactinHotel.java:15)
	at org.testngsmart.AdactinHotel.browserLaunch(AdactinHotel.java:15)
	at org.testngsmart.AdactinHotel.browserLaunch(AdactinHotel.java:15)
	at org.testngsmart.AdactinHotel.browserLaunch(AdactinHotel.java:15)
	at org.testngsmart.AdactinHotel.browserLaunch(AdactinHotel.java:15)
	at org.testngsmart.AdactinHotel.browserLaunch(AdactinHotel.java:15)
	at org.testngsmart.AdactinHotel.browserLaunch(AdactinHotel.java:15)
	at org.testngsmart.AdactinHotel.browserLaunch(AdactinHotel.java:15)
	at org.testngsmart.AdactinHotel.browserLaunch(AdactinHotel.java:15)
	at org.testngsmart.AdactinHotel.browserLaunch(AdactinHotel.java:15)
	at org.testngsmart.AdactinHotel.browserLaunch(AdactinHotel.java:15)
	at org.testngsmart.AdactinHotel.browserLaunch(AdactinHotel.java:15)
	at org.testngsmart.AdactinHotel.browserLaunch(AdactinHotel.java:15)
	at org.testngsmart.AdactinHotel.browserLaunch(AdactinHotel.java:15)
	at org.testngsmart.AdactinHotel.browserLaunch(AdactinHotel.java:15)
	at org.testngsmart.AdactinHotel.browserLaunch(AdactinHotel.java:15)
	at org.testngsmart.AdactinHotel.browserLaunch(AdactinHotel.java:15)
	at org.testngsmart.AdactinHotel.browserLaunch(AdactinHotel.java:15)
	at org.testngsmart.AdactinHotel.browserLaunch(AdactinHotel.java:15)
	at org.testngsmart.AdactinHotel.browserLaunch(AdactinHotel.java:15)
	at org.testngsmart.AdactinHotel.browserLaunch(AdactinHotel.java:15)
	at org.testngsmart.AdactinHotel.browserLaunch(AdactinHotel.java:15)
	at org.testngsmart.AdactinHotel.browserLaunch(AdactinHotel.java:15)
	at org.testngsmart.AdactinHotel.browserLaunch(AdactinHotel.java:15)
	at org.testngsmart.AdactinHotel.browserLaunch(AdactinHotel.java:15)
	at org.testngsmart.AdactinHotel.browserLaunch(AdactinHotel.java:15)
	at org.testngsmart.AdactinHotel.browserLaunch(AdactinHotel.java:15)
	at org.testngsmart.AdactinHotel.browserLaunch(AdactinHotel.java:15)
	at org.testngsmart.AdactinHotel.browserLaunch(AdactinHotel.java:15)
	at org.testngsmart.AdactinHotel.browserLaunch(AdactinHotel.java:15)
	at org.testngsmart.AdactinHotel.browserLaunch(AdactinHotel.java:15)
	at org.testngsmart.AdactinHotel.browserLaunch(AdactinHotel.java:15)
	at org.testngsmart.AdactinHotel.browserLaunch(AdactinHotel.java:15)
	at org.testngsmart.AdactinHotel.browserLaunch(AdactinHotel.java:15)
	at org.testngsmart.AdactinHotel.browserLaunch(AdactinHotel.java:15)
	at org.testngsmart.AdactinHotel.browserLaunch(AdactinHotel.java:15)
	at org.testngsmart.AdactinHotel.browserLaunch(AdactinHotel.java:15)
	at org.testngsmart.AdactinHotel.browserLaunch(AdactinHotel.java:15)
	at org.testngsmart.AdactinHotel.browserLaunch(AdactinHotel.java:15)
	at org.testngsmart.AdactinHotel.browserLaunch(AdactinHotel.java:15)
	at org.testngsmart.AdactinHotel.browserLaunch(AdactinHotel.java:15)
	at org.testngsmart.AdactinHotel.browserLaunch(AdactinHotel.java:15)
	at org.testngsmart.AdactinHotel.browserLaunch(AdactinHotel.java:15)
	at org.testngsmart.AdactinHotel.browserLaunch(AdactinHotel.java:15)
	at org.testngsmart.AdactinHotel.browserLaunch(AdactinHotel.java:15)
	at org.testngsmart.AdactinHotel.browserLaunch(AdactinHotel.java:15)
	at org.testngsmart.AdactinHotel.browserLaunch(AdactinHotel.java:15)
	at org.testngsmart.AdactinHotel.browserLaunch(AdactinHotel.java:15)
	at org.testngsmart.AdactinHotel.browserLaunch(AdactinHotel.java:15)
	at org.testngsmart.AdactinHotel.browserLaunch(AdactinHotel.java:15)
	at org.testngsmart.AdactinHotel.browserLaunch(AdactinHotel.java:15)
	at org.testngsmart.AdactinHotel.browserLaunch(AdactinHotel.java:15)
	at org.testngsmart.AdactinHotel.browserLaunch(AdactinHotel.java:15)
	at org.testngsmart.AdactinHotel.browserLaunch(AdactinHotel.java:15)
	at org.testngsmart.AdactinHotel.browserLaunch(AdactinHotel.java:15)
	at org.testngsmart.AdactinHotel.browserLaunch(AdactinHotel.java:15)
	at org.testngsmart.AdactinHotel.browserLaunch(AdactinHotel.java:15)
	at org.testngsmart.AdactinHotel.browserLaunch(AdactinHotel.java:15)
	at org.testngsmart.AdactinHotel.browserLaunch(AdactinHotel.java:15)
	at org.testngsmart.AdactinHotel.browserLaunch(AdactinHotel.java:15)
	at org.testngsmart.AdactinHotel.browserLaunch(AdactinHotel.java:15)
	at org.testngsmart.AdactinHotel.browserLaunch(AdactinHotel.java:15)
	at org.testngsmart.AdactinHotel.browserLaunch(AdactinHotel.java:15)
	at org.testngsmart.AdactinHotel.browserLaunch(AdactinHotel.java:15)
	at org.testngsmart.AdactinHotel.browserLaunch(AdactinHotel.java:15)
	at org.testngsmart.AdactinHotel.browserLaunch(AdactinHotel.java:15)
	at org.testngsmart.AdactinHotel.browserLaunch(AdactinHotel.java:15)
	at org.testngsmart.AdactinHotel.browserLaunch(AdactinHotel.java:15)
	at org.testngsmart.AdactinHotel.browserLaunch(AdactinHotel.java:15)
	at org.testngsmart.AdactinHotel.browserLaunch(AdactinHotel.java:15)
	at org.testngsmart.AdactinHotel.browserLaunch(AdactinHotel.java:15)
	at org.testngsmart.AdactinHotel.browserLaunch(AdactinHotel.java:15)
	at org.testngsmart.AdactinHotel.browserLaunch(AdactinHotel.java:15)
	at org.testngsmart.AdactinHotel.browserLaunch(AdactinHotel.java:15)
	at org.testngsmart.AdactinHotel.browserLaunch(AdactinHotel.java:15)
	at org.testngsmart.AdactinHotel.browserLaunch(AdactinHotel.java:15)
	at org.testngsmart.AdactinHotel.browserLaunch(AdactinHotel.java:15)
	at org.testngsmart.AdactinHotel.browserLaunch(AdactinHotel.java:15)
	at org.testngsmart.AdactinHotel.browserLaunch(AdactinHotel.java:15)
	at org.testngsmart.AdactinHotel.browserLaunch(AdactinHotel.java:15)
	at org.testngsmart.AdactinHotel.browserLaunch(AdactinHotel.java:15)
	at org.testngsmart.AdactinHotel.browserLaunch(AdactinHotel.java:15)
	at org.testngsmart.AdactinHotel.browserLaunch(AdactinHotel.java:15)
	at org.testngsmart.AdactinHotel.browserLaunch(AdactinHotel.java:15)
	at org.testngsmart.AdactinHotel.browserLaunch(AdactinHotel.java:15)
	at org.testngsmart.AdactinHotel.browserLaunch(AdactinHotel.java:15)
	at org.testngsmart.AdactinHotel.browserLaunch(AdactinHotel.java:15)
	at org.testngsmart.AdactinHotel.browserLaunch(AdactinHotel.java:15)
	at org.testngsmart.AdactinHotel.browserLaunch(AdactinHotel.java:15)
	at org.testngsmart.AdactinHotel.browserLaunch(AdactinHotel.java:15)
	at org.testngsmart.AdactinHotel.browserLaunch(AdactinHotel.java:15)
	at org.testngsmart.AdactinHotel.browserLaunch(AdactinHotel.java:15)
	at org.testngsmart.AdactinHotel.browserLaunch(AdactinHotel.java:15)
	at org.testngsmart.AdactinHotel.browserLaunch(AdactinHotel.java:15)
	at org.testngsmart.AdactinHotel.browserLaunch(AdactinHotel.java:15)
	at org.testngsmart.AdactinHotel.browserLaunch(AdactinHotel.java:15)
	at org.testngsmart.AdactinHotel.browserLaunch(AdactinHotel.java:15)
	at org.testngsmart.AdactinHotel.browserLaunch(AdactinHotel.java:15)
	at org.testngsmart.AdactinHotel.browserLaunch(AdactinHotel.java:15)
	at org.testngsmart.AdactinHotel.browserLaunch(AdactinHotel.java:15)
	at org.testngsmart.AdactinHotel.browserLaunch(AdactinHotel.java:15)
	at org.testngsmart.AdactinHotel.browserLaunch(AdactinHotel.java:15)
	at org.testngsmart.AdactinHotel.browserLaunch(AdactinHotel.java:15)
	at org.testngsmart.AdactinHotel.browserLaunch(AdactinHotel.java:15)
	at org.testngsmart.AdactinHotel.browserLaunch(AdactinHotel.java:15)
	at org.testngsmart.AdactinHotel.browserLaunch(AdactinHotel.java:15)
	at org.testngsmart.AdactinHotel.browserLaunch(AdactinHotel.java:15)
	at org.testngsmart.AdactinHotel.browserLaunch(AdactinHotel.java:15)
	at org.testngsmart.AdactinHotel.browserLaunch(AdactinHotel.java:15)
	at org.testngsmart.AdactinHotel.browserLaunch(AdactinHotel.java:15)
	at org.testngsmart.AdactinHotel.browserLaunch(AdactinHotel.java:15)
	at org.testngsmart.AdactinHotel.browserLaunch(AdactinHotel.java:15)
	at org.testngsmart.AdactinHotel.browserLaunch(AdactinHotel.java:15)
	at org.testngsmart.AdactinHotel.browserLaunch(AdactinHotel.java:15)
	at org.testngsmart.AdactinHotel.browserLaunch(AdactinHotel.java:15)
	at org.testngsmart.AdactinHotel.browserLaunch(AdactinHotel.java:15)
	at org.testngsmart.AdactinHotel.browserLaunch(AdactinHotel.java:15)
	at org.testngsmart.AdactinHotel.browserLaunch(AdactinHotel.java:15)
	at org.testngsmart.AdactinHotel.browserLaunch(AdactinHotel.java:15)
	at org.testngsmart.AdactinHotel.browserLaunch(AdactinHotel.java:15)
	at org.testngsmart.AdactinHotel.browserLaunch(AdactinHotel.java:15)
	at org.testngsmart.AdactinHotel.browserLaunch(AdactinHotel.java:15)
	at org.testngsmart.AdactinHotel.browserLaunch(AdactinHotel.java:15)
	at org.testngsmart.AdactinHotel.browserLaunch(AdactinHotel.java:15)
	at org.testngsmart.AdactinHotel.browserLaunch(AdactinHotel.java:15)
	at org.testngsmart.AdactinHotel.browserLaunch(AdactinHotel.java:15)
	at org.testngsmart.AdactinHotel.browserLaunch(AdactinHotel.java:15)
	at org.testngsmart.AdactinHotel.browserLaunch(AdactinHotel.java:15)
	at org.testngsmart.AdactinHotel.browserLaunch(AdactinHotel.java:15)
	at org.testngsmart.AdactinHotel.browserLaunch(AdactinHotel.java:15)
	at org.testngsmart.AdactinHotel.browserLaunch(AdactinHotel.java:15)
	at org.testngsmart.AdactinHotel.browserLaunch(AdactinHotel.java:15)
	at org.testngsmart.AdactinHotel.browserLaunch(AdactinHotel.java:15)
	at org.testngsmart.AdactinHotel.browserLaunch(AdactinHotel.java:15)
	at org.testngsmart.AdactinHotel.browserLaunch(AdactinHotel.java:15)
	at org.testngsmart.AdactinHotel.browserLaunch(AdactinHotel.java:15)
	at org.testngsmart.AdactinHotel.browserLaunch(AdactinHotel.java:15)
	at org.testngsmart.AdactinHotel.browserLaunch(AdactinHotel.java:15)
	at org.testngsmart.AdactinHotel.browserLaunch(AdactinHotel.java:15)
	at org.testngsmart.AdactinHotel.browserLaunch(AdactinHotel.java:15)
	at org.testngsmart.AdactinHotel.browserLaunch(AdactinHotel.java:15)
	at org.testngsmart.AdactinHotel.browserLaunch(AdactinHotel.java:15)
	at org.testngsmart.AdactinHotel.browserLaunch(AdactinHotel.java:15)
	at org.testngsmart.AdactinHotel.browserLaunch(AdactinHotel.java:15)
	at org.testngsmart.AdactinHotel.browserLaunch(AdactinHotel.java:15)
	at org.testngsmart.AdactinHotel.browserLaunch(AdactinHotel.java:15)
	at org.testngsmart.AdactinHotel.browserLaunch(AdactinHotel.java:15)
	at org.testngsmart.AdactinHotel.browserLaunch(AdactinHotel.java:15)
	at org.testngsmart.AdactinHotel.browserLaunch(AdactinHotel.java:15)
	at org.testngsmart.AdactinHotel.browserLaunch(AdactinHotel.java:15)
	at org.testngsmart.AdactinHotel.browserLaunch(AdactinHotel.java:15)
	at org.testngsmart.AdactinHotel.browserLaunch(AdactinHotel.java:15)
	at org.testngsmart.AdactinHotel.browserLaunch(AdactinHotel.java:15)
	at org.testngsmart.AdactinHotel.browserLaunch(AdactinHotel.java:15)
	at org.testngsmart.AdactinHotel.browserLaunch(AdactinHotel.java:15)
	at org.testngsmart.AdactinHotel.browserLaunch(AdactinHotel.java:15)
	at org.testngsmart.AdactinHotel.browserLaunch(AdactinHotel.java:15)
	at org.testngsmart.AdactinHotel.browserLaunch(AdactinHotel.java:15)
	at org.testngsmart.AdactinHotel.browserLaunch(AdactinHotel.java:15)
	at org.testngsmart.AdactinHotel.browserLaunch(AdactinHotel.java:15)
	at org.testngsmart.AdactinHotel.browserLaunch(AdactinHotel.java:15)
	at org.testngsmart.AdactinHotel.browserLaunch(AdactinHotel.java:15)
	at org.testngsmart.AdactinHotel.browserLaunch(AdactinHotel.java:15)
	at org.testngsmart.AdactinHotel.browserLaunch(AdactinHotel.java:15)
	at org.testngsmart.AdactinHotel.browserLaunch(AdactinHotel.java:15)
	at org.testngsmart.AdactinHotel.browserLaunch(AdactinHotel.java:15)
	at org.testngsmart.AdactinHotel.browserLaunch(AdactinHotel.java:15)
	at org.testngsmart.AdactinHotel.browserLaunch(AdactinHotel.java:15)
	at org.testngsmart.AdactinHotel.browserLaunch(AdactinHotel.java:15)
	at org.testngsmart.AdactinHotel.browserLaunch(AdactinHotel.java:15)
	at org.testngsmart.AdactinHotel.browserLaunch(AdactinHotel.java:15)
	at org.testngsmart.AdactinHotel.browserLaunch(AdactinHotel.java:15)
	at org.testngsmart.AdactinHotel.browserLaunch(AdactinHotel.java:15)
	at org.testngsmart.AdactinHotel.browserLaunch(AdactinHotel.java:15)
	at org.testngsmart.AdactinHotel.browserLaunch(AdactinHotel.java:15)
	at org.testngsmart.AdactinHotel.browserLaunch(AdactinHotel.java:15)
	at org.testngsmart.AdactinHotel.browserLaunch(AdactinHotel.java:15)
	at org.testngsmart.AdactinHotel.browserLaunch(AdactinHotel.java:15)
	at org.testngsmart.AdactinHotel.browserLaunch(AdactinHotel.java:15)
	at org.testngsmart.AdactinHotel.browserLaunch(AdactinHotel.java:15)
	at org.testngsmart.AdactinHotel.browserLaunch(AdactinHotel.java:15)
	at org.testngsmart.AdactinHotel.browserLaunch(AdactinHotel.java:15)
	at org.testngsmart.AdactinHotel.browserLaunch(AdactinHotel.java:15)
	at org.testngsmart.AdactinHotel.browserLaunch(AdactinHotel.java:15)
	at org.testngsmart.AdactinHotel.browserLaunch(AdactinHotel.java:15)
	at org.testngsmart.AdactinHotel.browserLaunch(AdactinHotel.java:15)
	at org.testngsmart.AdactinHotel.browserLaunch(AdactinHotel.java:15)
	at org.testngsmart.AdactinHotel.browserLaunch(AdactinHotel.java:15)
	at org.testngsmart.AdactinHotel.browserLaunch(AdactinHotel.java:15)
	at org.testngsmart.AdactinHotel.browserLaunch(AdactinHotel.java:15)
	at org.testngsmart.AdactinHotel.browserLaunch(AdactinHotel.java:15)
	at org.testngsmart.AdactinHotel.browserLaunch(AdactinHotel.java:15)
	at org.testngsmart.AdactinHotel.browserLaunch(AdactinHotel.java:15)
	at org.testngsmart.AdactinHotel.browserLaunch(AdactinHotel.java:15)
	at org.testngsmart.AdactinHotel.browserLaunch(AdactinHotel.java:15)
	at org.testngsmart.AdactinHotel.browserLaunch(AdactinHotel.java:15)
	at org.testngsmart.AdactinHotel.browserLaunch(AdactinHotel.java:15)
	at org.testngsmart.AdactinHotel.browserLaunch(AdactinHotel.java:15)
	at org.testngsmart.AdactinHotel.browserLaunch(AdactinHotel.java:15)
	at org.testngsmart.AdactinHotel.browserLaunch(AdactinHotel.java:15)
	at org.testngsmart.AdactinHotel.browserLaunch(AdactinHotel.java:15)
	at org.testngsmart.AdactinHotel.browserLaunch(AdactinHotel.java:15)
	at org.testngsmart.AdactinHotel.browserLaunch(AdactinHotel.java:15)
	at org.testngsmart.AdactinHotel.browserLaunch(AdactinHotel.java:15)
	at org.testngsmart.AdactinHotel.browserLaunch(AdactinHotel.java:15)
	at org.testngsmart.AdactinHotel.browserLaunch(AdactinHotel.java:15)
	at org.testngsmart.AdactinHotel.browserLaunch(AdactinHotel.java:15)
	at org.testngsmart.AdactinHotel.browserLaunch(AdactinHotel.java:15)
	at org.testngsmart.AdactinHotel.browserLaunch(AdactinHotel.java:15)
	at org.testngsmart.AdactinHotel.browserLaunch(AdactinHotel.java:15)
	at org.testngsmart.AdactinHotel.browserLaunch(AdactinHotel.java:15)
	at org.testngsmart.AdactinHotel.browserLaunch(AdactinHotel.java:15)
	at org.testngsmart.AdactinHotel.browserLaunch(AdactinHotel.java:15)
	at org.testngsmart.AdactinHotel.browserLaunch(AdactinHotel.java:15)
	at org.testngsmart.AdactinHotel.browserLaunch(AdactinHotel.java:15)
	at org.testngsmart.AdactinHotel.browserLaunch(AdactinHotel.java:15)
	at org.testngsmart.AdactinHotel.browserLaunch(AdactinHotel.java:15)
	at org.testngsmart.AdactinHotel.browserLaunch(AdactinHotel.java:15)
	at org.testngsmart.AdactinHotel.browserLaunch(AdactinHotel.java:15)
	at org.testngsmart.AdactinHotel.browserLaunch(AdactinHotel.java:15)
	at org.testngsmart.AdactinHotel.browserLaunch(AdactinHotel.java:15)
	at org.testngsmart.AdactinHotel.browserLaunch(AdactinHotel.java:15)
	at org.testngsmart.AdactinHotel.browserLaunch(AdactinHotel.java:15)
	at org.testngsmart.AdactinHotel.browserLaunch(AdactinHotel.java:15)
	at org.testngsmart.AdactinHotel.browserLaunch(AdactinHotel.java:15)
	at org.testngsmart.AdactinHotel.browserLaunch(AdactinHotel.java:15)
	at org.testngsmart.AdactinHotel.browserLaunch(AdactinHotel.java:15)
	at org.testngsmart.AdactinHotel.browserLaunch(AdactinHotel.java:15)
	at org.testngsmart.AdactinHotel.browserLaunch(AdactinHotel.java:15)
	at org.testngsmart.AdactinHotel.browserLaunch(AdactinHotel.java:15)
	at org.testngsmart.AdactinHotel.browserLaunch(AdactinHotel.java:15)
	at org.testngsmart.AdactinHotel.browserLaunch(AdactinHotel.java:15)
	at org.testngsmart.AdactinHotel.browserLaunch(AdactinHotel.java:15)
	at org.testngsmart.AdactinHotel.browserLaunch(AdactinHotel.java:15)
	at org.testngsmart.AdactinHotel.browserLaunch(AdactinHotel.java:15)
	at org.testngsmart.AdactinHotel.browserLaunch(AdactinHotel.java:15)
	at org.testngsmart.AdactinHotel.browserLaunch(AdactinHotel.java:15)
	at org.testngsmart.AdactinHotel.browserLaunch(AdactinHotel.java:15)
	at org.testngsmart.AdactinHotel.browserLaunch(AdactinHotel.java:15)
	at org.testngsmart.AdactinHotel.browserLaunch(AdactinHotel.java:15)
	at org.testngsmart.AdactinHotel.browserLaunch(AdactinHotel.java:15)
	at org.testngsmart.AdactinHotel.browserLaunch(AdactinHotel.java:15)
	at org.testngsmart.AdactinHotel.browserLaunch(AdactinHotel.java:15)
	at org.testngsmart.AdactinHotel.browserLaunch(AdactinHotel.java:15)
	at org.testngsmart.AdactinHotel.browserLaunch(AdactinHotel.java:15)
	at org.testngsmart.AdactinHotel.browserLaunch(AdactinHotel.java:15)
	at org.testngsmart.AdactinHotel.browserLaunch(AdactinHotel.java:15)
	at org.testngsmart.AdactinHotel.browserLaunch(AdactinHotel.java:15)
	at org.testngsmart.AdactinHotel.browserLaunch(AdactinHotel.java:15)
	at org.testngsmart.AdactinHotel.browserLaunch(AdactinHotel.java:15)
	at org.testngsmart.AdactinHotel.browserLaunch(AdactinHotel.java:15)
	at org.testngsmart.AdactinHotel.browserLaunch(AdactinHotel.java:15)
	at org.testngsmart.AdactinHotel.browserLaunch(AdactinHotel.java:15)
	at org.testngsmart.AdactinHotel.browserLaunch(AdactinHotel.java:15)
	at org.testngsmart.AdactinHotel.browserLaunch(AdactinHotel.java:15)
	at org.testngsmart.AdactinHotel.browserLaunch(AdactinHotel.java:15)
	at org.testngsmart.AdactinHotel.browserLaunch(AdactinHotel.java:15)
	at org.testngsmart.AdactinHotel.browserLaunch(AdactinHotel.java:15)
	at org.testngsmart.AdactinHotel.browserLaunch(AdactinHotel.java:15)
	at org.testngsmart.AdactinHotel.browserLaunch(AdactinHotel.java:15)
	at org.testngsmart.AdactinHotel.browserLaunch(AdactinHotel.java:15)
	at org.testngsmart.AdactinHotel.browserLaunch(AdactinHotel.java:15)
	at org.testngsmart.AdactinHotel.browserLaunch(AdactinHotel.java:15)
	at org.testngsmart.AdactinHotel.browserLaunch(AdactinHotel.java:15)
	at org.testngsmart.AdactinHotel.browserLaunch(AdactinHotel.java:15)
	at org.testngsmart.AdactinHotel.browserLaunch(AdactinHotel.java:15)
	at org.testngsmart.AdactinHotel.browserLaunch(AdactinHotel.java:15)
	at org.testngsmart.AdactinHotel.browserLaunch(AdactinHotel.java:15)
	at org.testngsmart.AdactinHotel.browserLaunch(AdactinHotel.java:15)
	at org.testngsmart.AdactinHotel.browserLaunch(AdactinHotel.java:15)
	at org.testngsmart.AdactinHotel.browserLaunch(AdactinHotel.java:15)
	at org.testngsmart.AdactinHotel.browserLaunch(AdactinHotel.java:15)
	at org.testngsmart.AdactinHotel.browserLaunch(AdactinHotel.java:15)
	at org.testngsmart.AdactinHotel.browserLaunch(AdactinHotel.java:15)
	at org.testngsmart.AdactinHotel.browserLaunch(AdactinHotel.java:15)
	at org.testngsmart.AdactinHotel.browserLaunch(AdactinHotel.java:15)
	at org.testngsmart.AdactinHotel.browserLaunch(AdactinHotel.java:15)
	at org.testngsmart.AdactinHotel.browserLaunch(AdactinHotel.java:15)
	at org.testngsmart.AdactinHotel.browserLaunch(AdactinHotel.java:15)
	at org.testngsmart.AdactinHotel.browserLaunch(AdactinHotel.java:15)
	at org.testngsmart.AdactinHotel.browserLaunch(AdactinHotel.java:15)
	at org.testngsmart.AdactinHotel.browserLaunch(AdactinHotel.java:15)
	at org.testngsmart.AdactinHotel.browserLaunch(AdactinHotel.java:15)
	at org.testngsmart.AdactinHotel.browserLaunch(AdactinHotel.java:15)
	at org.testngsmart.AdactinHotel.browserLaunch(AdactinHotel.java:15)
	at org.testngsmart.AdactinHotel.browserLaunch(AdactinHotel.java:15)
	at org.testngsmart.AdactinHotel.browserLaunch(AdactinHotel.java:15)
	at org.testngsmart.AdactinHotel.browserLaunch(AdactinHotel.java:15)
	at org.testngsmart.AdactinHotel.browserLaunch(AdactinHotel.java:15)
	at org.testngsmart.AdactinHotel.browserLaunch(AdactinHotel.java:15)
	at org.testngsmart.AdactinHotel.browserLaunch(AdactinHotel.java:15)
	at org.testngsmart.AdactinHotel.browserLaunch(AdactinHotel.java:15)
	at org.testngsmart.AdactinHotel.browserLaunch(AdactinHotel.java:15)
	at org.testngsmart.AdactinHotel.browserLaunch(AdactinHotel.java:15)
	at org.testngsmart.AdactinHotel.browserLaunch(AdactinHotel.java:15)
	at org.testngsmart.AdactinHotel.browserLaunch(AdactinHotel.java:15)
	at org.testngsmart.AdactinHotel.browserLaunch(AdactinHotel.java:15)
	at org.testngsmart.AdactinHotel.browserLaunch(AdactinHotel.java:15)
	at org.testngsmart.AdactinHotel.browserLaunch(AdactinHotel.java:15)
	at org.testngsmart.AdactinHotel.browserLaunch(AdactinHotel.java:15)
	at org.testngsmart.AdactinHotel.browserLaunch(AdactinHotel.java:15)
	at org.testngsmart.AdactinHotel.browserLaunch(AdactinHotel.java:15)
	at org.testngsmart.AdactinHotel.browserLaunch(AdactinHotel.java:15)
	at org.testngsmart.AdactinHotel.browserLaunch(AdactinHotel.java:15)
	at org.testngsmart.AdactinHotel.browserLaunch(AdactinHotel.java:15)
	at org.testngsmart.AdactinHotel.browserLaunch(AdactinHotel.java:15)
	at org.testngsmart.AdactinHotel.browserLaunch(AdactinHotel.java:15)
	at org.testngsmart.AdactinHotel.browserLaunch(AdactinHotel.java:15)
	at org.testngsmart.AdactinHotel.browserLaunch(AdactinHotel.java:15)
	at org.testngsmart.AdactinHotel.browserLaunch(AdactinHotel.java:15)
	at org.testngsmart.AdactinHotel.browserLaunch(AdactinHotel.java:15)
	at org.testngsmart.AdactinHotel.browserLaunch(AdactinHotel.java:15)
	at org.testngsmart.AdactinHotel.browserLaunch(AdactinHotel.java:15)
	at org.testngsmart.AdactinHotel.browserLaunch(AdactinHotel.java:15)
	at org.testngsmart.AdactinHotel.browserLaunch(AdactinHotel.java:15)
	at org.testngsmart.AdactinHotel.browserLaunch(AdactinHotel.java:15)
	at org.testngsmart.AdactinHotel.browserLaunch(AdactinHotel.java:15)
	at org.testngsmart.AdactinHotel.browserLaunch(AdactinHotel.java:15)
	at org.testngsmart.AdactinHotel.browserLaunch(AdactinHotel.java:15)
	at org.testngsmart.AdactinHotel.browserLaunch(AdactinHotel.java:15)
	at org.testngsmart.AdactinHotel.browserLaunch(AdactinHotel.java:15)
	at org.testngsmart.AdactinHotel.browserLaunch(AdactinHotel.java:15)
	at org.testngsmart.AdactinHotel.browserLaunch(AdactinHotel.java:15)
	at org.testngsmart.AdactinHotel.browserLaunch(AdactinHotel.java:15)
	at org.testngsmart.AdactinHotel.browserLaunch(AdactinHotel.java:15)
	at org.testngsmart.AdactinHotel.browserLaunch(AdactinHotel.java:15)
	at org.testngsmart.AdactinHotel.browserLaunch(AdactinHotel.java:15)
	at org.testngsmart.AdactinHotel.browserLaunch(AdactinHotel.java:15)
	at org.testngsmart.AdactinHotel.browserLaunch(AdactinHotel.java:15)
	at org.testngsmart.AdactinHotel.browserLaunch(AdactinHotel.java:15)
	at org.testngsmart.AdactinHotel.browserLaunch(AdactinHotel.java:15)
	at org.testngsmart.AdactinHotel.browserLaunch(AdactinHotel.java:15)
	at org.testngsmart.AdactinHotel.browserLaunch(AdactinHotel.java:15)
	at org.testngsmart.AdactinHotel.browserLaunch(AdactinHotel.java:15)
	at org.testngsmart.AdactinHotel.browserLaunch(AdactinHotel.java:15)
	at org.testngsmart.AdactinHotel.browserLaunch(AdactinHotel.java:15)
	at org.testngsmart.AdactinHotel.browserLaunch(AdactinHotel.java:15)
	at org.testngsmart.AdactinHotel.browserLaunch(AdactinHotel.java:15)
	at org.testngsmart.AdactinHotel.browserLaunch(AdactinHotel.java:15)
	at org.testngsmart.AdactinHotel.browserLaunch(AdactinHotel.java:15)
	at org.testngsmart.AdactinHotel.browserLaunch(AdactinHotel.java:15)
	at org.testngsmart.AdactinHotel.browserLaunch(AdactinHotel.java:15)
	at org.testngsmart.AdactinHotel.browserLaunch(AdactinHotel.java:15)
	at org.testngsmart.AdactinHotel.browserLaunch(AdactinHotel.java:15)
	at org.testngsmart.AdactinHotel.browserLaunch(AdactinHotel.java:15)
	at org.testngsmart.AdactinHotel.browserLaunch(AdactinHotel.java:15)
	at org.testngsmart.AdactinHotel.browserLaunch(AdactinHotel.java:15)
	at org.testngsmart.AdactinHotel.browserLaunch(AdactinHotel.java:15)
	at org.testngsmart.AdactinHotel.browserLaunch(AdactinHotel.java:15)
	at org.testngsmart.AdactinHotel.browserLaunch(AdactinHotel.java:15)
	at org.testngsmart.AdactinHotel.browserLaunch(AdactinHotel.java:15)
	at org.testngsmart.AdactinHotel.browserLaunch(AdactinHotel.java:15)
	at org.testngsmart.AdactinHotel.browserLaunch(AdactinHotel.java:15)
	at org.testngsmart.AdactinHotel.browserLaunch(AdactinHotel.java:15)
	at org.testngsmart.AdactinHotel.browserLaunch(AdactinHotel.java:15)
	at org.testngsmart.AdactinHotel.browserLaunch(AdactinHotel.java:15)
	at org.testngsmart.AdactinHotel.browserLaunch(AdactinHotel.java:15)
	at org.testngsmart.AdactinHotel.browserLaunch(AdactinHotel.java:15)
	at org.testngsmart.AdactinHotel.browserLaunch(AdactinHotel.java:15)
	at org.testngsmart.AdactinHotel.browserLaunch(AdactinHotel.java:15)
	at org.testngsmart.AdactinHotel.browserLaunch(AdactinHotel.java:15)
	at org.testngsmart.AdactinHotel.browserLaunch(AdactinHotel.java:15)
	at org.testngsmart.AdactinHotel.browserLaunch(AdactinHotel.java:15)
	at org.testngsmart.AdactinHotel.browserLaunch(AdactinHotel.java:15)
	at org.testngsmart.AdactinHotel.browserLaunch(AdactinHotel.java:15)
	at org.testngsmart.AdactinHotel.browserLaunch(AdactinHotel.java:15)
	at org.testngsmart.AdactinHotel.browserLaunch(AdactinHotel.java:15)
	at org.testngsmart.AdactinHotel.browserLaunch(AdactinHotel.java:15)
	at org.testngsmart.AdactinHotel.browserLaunch(AdactinHotel.java:15)
	at org.testngsmart.AdactinHotel.browserLaunch(AdactinHotel.java:15)
	at org.testngsmart.AdactinHotel.browserLaunch(AdactinHotel.java:15)
	at org.testngsmart.AdactinHotel.browserLaunch(AdactinHotel.java:15)
	at org.testngsmart.AdactinHotel.browserLaunch(AdactinHotel.java:15)
	at org.testngsmart.AdactinHotel.browserLaunch(AdactinHotel.java:15)
	at org.testngsmart.AdactinHotel.browserLaunch(AdactinHotel.java:15)
	at org.testngsmart.AdactinHotel.browserLaunch(AdactinHotel.java:15)
	at org.testngsmart.AdactinHotel.browserLaunch(AdactinHotel.java:15)
	at org.testngsmart.AdactinHotel.browserLaunch(AdactinHotel.java:15)
	at org.testngsmart.AdactinHotel.browserLaunch(AdactinHotel.java:15)
	at org.testngsmart.AdactinHotel.browserLaunch(AdactinHotel.java:15)
	at org.testngsmart.AdactinHotel.browserLaunch(AdactinHotel.java:15)
	at org.testngsmart.AdactinHotel.browserLaunch(AdactinHotel.java:15)
	at org.testngsmart.AdactinHotel.browserLaunch(AdactinHotel.java:15)
	at org.testngsmart.AdactinHotel.browserLaunch(AdactinHotel.java:15)
	at org.testngsmart.AdactinHotel.browserLaunch(AdactinHotel.java:15)
	at org.testngsmart.AdactinHotel.browserLaunch(AdactinHotel.java:15)
	at org.testngsmart.AdactinHotel.browserLaunch(AdactinHotel.java:15)
	at org.testngsmart.AdactinHotel.browserLaunch(AdactinHotel.java:15)
	at org.testngsmart.AdactinHotel.browserLaunch(AdactinHotel.java:15)
	at org.testngsmart.AdactinHotel.browserLaunch(AdactinHotel.java:15)
	at org.testngsmart.AdactinHotel.browserLaunch(AdactinHotel.java:15)
	at org.testngsmart.AdactinHotel.browserLaunch(AdactinHotel.java:15)
	at org.testngsmart.AdactinHotel.browserLaunch(AdactinHotel.java:15)
	at org.testngsmart.AdactinHotel.browserLaunch(AdactinHotel.java:15)
	at org.testngsmart.AdactinHotel.browserLaunch(AdactinHotel.java:15)
	at org.testngsmart.AdactinHotel.browserLaunch(AdactinHotel.java:15)
	at org.testngsmart.AdactinHotel.browserLaunch(AdactinHotel.java:15)
	at org.testngsmart.AdactinHotel.browserLaunch(AdactinHotel.java:15)
	at org.testngsmart.AdactinHotel.browserLaunch(AdactinHotel.java:15)
	at org.testngsmart.AdactinHotel.browserLaunch(AdactinHotel.java:15)
	at org.testngsmart.AdactinHotel.browserLaunch(AdactinHotel.java:15)
	at org.testngsmart.AdactinHotel.browserLaunch(AdactinHotel.java:15)
	at org.testngsmart.AdactinHotel.browserLaunch(AdactinHotel.java:15)
	at org.testngsmart.AdactinHotel.browserLaunch(AdactinHotel.java:15)
	at org.testngsmart.AdactinHotel.browserLaunch(AdactinHotel.java:15)
	at org.testngsmart.AdactinHotel.browserLaunch(AdactinHotel.java:15)
	at org.testngsmart.AdactinHotel.browserLaunch(AdactinHotel.java:15)
	at org.testngsmart.AdactinHotel.browserLaunch(AdactinHotel.java:15)
	at org.testngsmart.AdactinHotel.browserLaunch(AdactinHotel.java:15)
	at org.testngsmart.AdactinHotel.browserLaunch(AdactinHotel.java:15)
	at org.testngsmart.AdactinHotel.browserLaunch(AdactinHotel.java:15)
	at org.testngsmart.AdactinHotel.browserLaunch(AdactinHotel.java:15)
	at org.testngsmart.AdactinHotel.browserLaunch(AdactinHotel.java:15)
	at org.testngsmart.AdactinHotel.browserLaunch(AdactinHotel.java:15)
	at org.testngsmart.AdactinHotel.browserLaunch(AdactinHotel.java:15)
	at org.testngsmart.AdactinHotel.browserLaunch(AdactinHotel.java:15)
	at org.testngsmart.AdactinHotel.browserLaunch(AdactinHotel.java:15)
	at org.testngsmart.AdactinHotel.browserLaunch(AdactinHotel.java:15)
	at org.testngsmart.AdactinHotel.browserLaunch(AdactinHotel.java:15)
	at org.testngsmart.AdactinHotel.browserLaunch(AdactinHotel.java:15)
	at org.testngsmart.AdactinHotel.browserLaunch(AdactinHotel.java:15)
	at org.testngsmart.AdactinHotel.browserLaunch(AdactinHotel.java:15)
	at org.testngsmart.AdactinHotel.browserLaunch(AdactinHotel.java:15)
	at org.testngsmart.AdactinHotel.browserLaunch(AdactinHotel.java:15)
	at org.testngsmart.AdactinHotel.browserLaunch(AdactinHotel.java:15)
	at org.testngsmart.AdactinHotel.browserLaunch(AdactinHotel.java:15)
	at org.testngsmart.AdactinHotel.browserLaunch(AdactinHotel.java:15)
	at org.testngsmart.AdactinHotel.browserLaunch(AdactinHotel.java:15)
	at org.testngsmart.AdactinHotel.browserLaunch(AdactinHotel.java:15)
	at org.testngsmart.AdactinHotel.browserLaunch(AdactinHotel.java:15)
	at org.testngsmart.AdactinHotel.browserLaunch(AdactinHotel.java:15)
	at org.testngsmart.AdactinHotel.browserLaunch(AdactinHotel.java:15)
	at org.testngsmart.AdactinHotel.browserLaunch(AdactinHotel.java:15)
	at org.testngsmart.AdactinHotel.browserLaunch(AdactinHotel.java:15)
	at org.testngsmart.AdactinHotel.browserLaunch(AdactinHotel.java:15)
	at org.testngsmart.AdactinHotel.browserLaunch(AdactinHotel.java:15)
	at org.testngsmart.AdactinHotel.browserLaunch(AdactinHotel.java:15)
	at org.testngsmart.AdactinHotel.browserLaunch(AdactinHotel.java:15)
	at org.testngsmart.AdactinHotel.browserLaunch(AdactinHotel.java:15)
	at org.testngsmart.AdactinHotel.browserLaunch(AdactinHotel.java:15)
	at org.testngsmart.AdactinHotel.browserLaunch(AdactinHotel.java:15)
	at org.testngsmart.AdactinHotel.browserLaunch(AdactinHotel.java:15)
	at org.testngsmart.AdactinHotel.browserLaunch(AdactinHotel.java:15)
	at org.testngsmart.AdactinHotel.browserLaunch(AdactinHotel.java:15)
	at org.testngsmart.AdactinHotel.browserLaunch(AdactinHotel.java:15)
	at org.testngsmart.AdactinHotel.browserLaunch(AdactinHotel.java:15)
	at org.testngsmart.AdactinHotel.browserLaunch(AdactinHotel.java:15)
	at org.testngsmart.AdactinHotel.browserLaunch(AdactinHotel.java:15)
	at org.testngsmart.AdactinHotel.browserLaunch(AdactinHotel.java:15)
	at org.testngsmart.AdactinHotel.browserLaunch(AdactinHotel.java:15)
	at org.testngsmart.AdactinHotel.browserLaunch(AdactinHotel.java:15)
	at org.testngsmart.AdactinHotel.browserLaunch(AdactinHotel.java:15)
	at org.testngsmart.AdactinHotel.browserLaunch(AdactinHotel.java:15)
	at org.testngsmart.AdactinHotel.browserLaunch(AdactinHotel.java:15)
	at org.testngsmart.AdactinHotel.browserLaunch(AdactinHotel.java:15)
	at org.testngsmart.AdactinHotel.browserLaunch(AdactinHotel.java:15)
	at org.testngsmart.AdactinHotel.browserLaunch(AdactinHotel.java:15)
	at org.testngsmart.AdactinHotel.browserLaunch(AdactinHotel.java:15)
	at org.testngsmart.AdactinHotel.browserLaunch(AdactinHotel.java:15)
	at org.testngsmart.AdactinHotel.browserLaunch(AdactinHotel.java:15)
	at org.testngsmart.AdactinHotel.browserLaunch(AdactinHotel.java:15)
	at org.testngsmart.AdactinHotel.browserLaunch(AdactinHotel.java:15)
	at org.testngsmart.AdactinHotel.browserLaunch(AdactinHotel.java:15)
	at org.testngsmart.AdactinHotel.browserLaunch(AdactinHotel.java:15)
	at org.testngsmart.AdactinHotel.browserLaunch(AdactinHotel.java:15)
	at org.testngsmart.AdactinHotel.browserLaunch(AdactinHotel.java:15)
	at org.testngsmart.AdactinHotel.browserLaunch(AdactinHotel.java:15)
	at org.testngsmart.AdactinHotel.browserLaunch(AdactinHotel.java:15)
	at org.testngsmart.AdactinHotel.browserLaunch(AdactinHotel.java:15)
	at org.testngsmart.AdactinHotel.browserLaunch(AdactinHotel.java:15)
	at org.testngsmart.AdactinHotel.browserLaunch(AdactinHotel.java:15)
	at org.testngsmart.AdactinHotel.browserLaunch(AdactinHotel.java:15)
	at org.testngsmart.AdactinHotel.browserLaunch(AdactinHotel.java:15)
	at org.testngsmart.AdactinHotel.browserLaunch(AdactinHotel.java:15)
	at org.testngsmart.AdactinHotel.browserLaunch(AdactinHotel.java:15)
	at org.testngsmart.AdactinHotel.browserLaunch(AdactinHotel.java:15)
	at org.testngsmart.AdactinHotel.browserLaunch(AdactinHotel.java:15)
	at org.testngsmart.AdactinHotel.browserLaunch(AdactinHotel.java:15)
	at org.testngsmart.AdactinHotel.browserLaunch(AdactinHotel.java:15)
	at org.testngsmart.AdactinHotel.browserLaunch(AdactinHotel.java:15)
	at org.testngsmart.AdactinHotel.browserLaunch(AdactinHotel.java:15)
	at org.testngsmart.AdactinHotel.browserLaunch(AdactinHotel.java:15)
	at org.testngsmart.AdactinHotel.browserLaunch(AdactinHotel.java:15)
	at org.testngsmart.AdactinHotel.browserLaunch(AdactinHotel.java:15)
	at org.testngsmart.AdactinHotel.browserLaunch(AdactinHotel.java:15)
	at org.testngsmart.AdactinHotel.browserLaunch(AdactinHotel.java:15)
	at org.testngsmart.AdactinHotel.browserLaunch(AdactinHotel.java:15)
	at org.testngsmart.AdactinHotel.browserLaunch(AdactinHotel.java:15)
	at org.testngsmart.AdactinHotel.browserLaunch(AdactinHotel.java:15)
	at org.testngsmart.AdactinHotel.browserLaunch(AdactinHotel.java:15)
	at org.testngsmart.AdactinHotel.browserLaunch(AdactinHotel.java:15)
	at org.testngsmart.AdactinHotel.browserLaunch(AdactinHotel.java:15)
	at org.testngsmart.AdactinHotel.browserLaunch(AdactinHotel.java:15)
	at org.testngsmart.AdactinHotel.browserLaunch(AdactinHotel.java:15)
	at org.testngsmart.AdactinHotel.browserLaunch(AdactinHotel.java:15)
	at org.testngsmart.AdactinHotel.browserLaunch(AdactinHotel.java:15)
	at org.testngsmart.AdactinHotel.browserLaunch(AdactinHotel.java:15)
	at org.testngsmart.AdactinHotel.browserLaunch(AdactinHotel.java:15)
	at org.testngsmart.AdactinHotel.browserLaunch(AdactinHotel.java:15)
	at org.testngsmart.AdactinHotel.browserLaunch(AdactinHotel.java:15)
	at org.testngsmart.AdactinHotel.browserLaunch(AdactinHotel.java:15)
	at org.testngsmart.AdactinHotel.browserLaunch(AdactinHotel.java:15)
	at org.testngsmart.AdactinHotel.browserLaunch(AdactinHotel.java:15)
	at org.testngsmart.AdactinHotel.browserLaunch(AdactinHotel.java:15)
	at org.testngsmart.AdactinHotel.browserLaunch(AdactinHotel.java:15)
	at org.testngsmart.AdactinHotel.browserLaunch(AdactinHotel.java:15)
	at org.testngsmart.AdactinHotel.browserLaunch(AdactinHotel.java:15)
	at org.testngsmart.AdactinHotel.browserLaunch(AdactinHotel.java:15)
	at org.testngsmart.AdactinHotel.browserLaunch(AdactinHotel.java:15)
	at org.testngsmart.AdactinHotel.browserLaunch(AdactinHotel.java:15)
	at org.testngsmart.AdactinHotel.browserLaunch(AdactinHotel.java:15)
	at org.testngsmart.AdactinHotel.browserLaunch(AdactinHotel.java:15)
	at org.testngsmart.AdactinHotel.browserLaunch(AdactinHotel.java:15)
	at org.testngsmart.AdactinHotel.browserLaunch(AdactinHotel.java:15)
	at org.testngsmart.AdactinHotel.browserLaunch(AdactinHotel.java:15)
	at org.testngsmart.AdactinHotel.browserLaunch(AdactinHotel.java:15)
	at org.testngsmart.AdactinHotel.browserLaunch(AdactinHotel.java:15)
	at org.testngsmart.AdactinHotel.browserLaunch(AdactinHotel.java:15)
	at org.testngsmart.AdactinHotel.browserLaunch(AdactinHotel.java:15)
	at org.testngsmart.AdactinHotel.browserLaunch(AdactinHotel.java:15)
	at org.testngsmart.AdactinHotel.browserLaunch(AdactinHotel.java:15)
	at org.testngsmart.AdactinHotel.browserLaunch(AdactinHotel.java:15)
	at org.testngsmart.AdactinHotel.browserLaunch(AdactinHotel.java:15)
	at org.testngsmart.AdactinHotel.browserLaunch(AdactinHotel.java:15)
	at org.testngsmart.AdactinHotel.browserLaunch(AdactinHotel.java:15)
	at org.testngsmart.AdactinHotel.browserLaunch(AdactinHotel.java:15)
	at org.testngsmart.AdactinHotel.browserLaunch(AdactinHotel.java:15)
	at org.testngsmart.AdactinHotel.browserLaunch(AdactinHotel.java:15)
	at org.testngsmart.AdactinHotel.browserLaunch(AdactinHotel.java:15)
	at org.testngsmart.AdactinHotel.browserLaunch(AdactinHotel.java:15)
	at org.testngsmart.AdactinHotel.browserLaunch(AdactinHotel.java:15)
	at org.testngsmart.AdactinHotel.browserLaunch(AdactinHotel.java:15)
	at org.testngsmart.AdactinHotel.browserLaunch(AdactinHotel.java:15)
	at org.testngsmart.AdactinHotel.browserLaunch(AdactinHotel.java:15)
	at org.testngsmart.AdactinHotel.browserLaunch(AdactinHotel.java:15)
	at org.testngsmart.AdactinHotel.browserLaunch(AdactinHotel.java:15)
	at org.testngsmart.AdactinHotel.browserLaunch(AdactinHotel.java:15)
	at org.testngsmart.AdactinHotel.browserLaunch(AdactinHotel.java:15)
	at org.testngsmart.AdactinHotel.browserLaunch(AdactinHotel.java:15)
	at org.testngsmart.AdactinHotel.browserLaunch(AdactinHotel.java:15)
	at org.testngsmart.AdactinHotel.browserLaunch(AdactinHotel.java:15)
	at org.testngsmart.AdactinHotel.browserLaunch(AdactinHotel.java:15)
	at org.testngsmart.AdactinHotel.browserLaunch(AdactinHotel.java:15)
	at org.testngsmart.AdactinHotel.browserLaunch(AdactinHotel.java:15)
	at org.testngsmart.AdactinHotel.browserLaunch(AdactinHotel.java:15)
	at org.testngsmart.AdactinHotel.browserLaunch(AdactinHotel.java:15)
	at org.testngsmart.AdactinHotel.browserLaunch(AdactinHotel.java:15)
	at org.testngsmart.AdactinHotel.browserLaunch(AdactinHotel.java:15)
	at org.testngsmart.AdactinHotel.browserLaunch(AdactinHotel.java:15)
	at org.testngsmart.AdactinHotel.browserLaunch(AdactinHotel.java:15)
	at org.testngsmart.AdactinHotel.browserLaunch(AdactinHotel.java:15)
	at org.testngsmart.AdactinHotel.browserLaunch(AdactinHotel.java:15)
	at org.testngsmart.AdactinHotel.browserLaunch(AdactinHotel.java:15)
	at org.testngsmart.AdactinHotel.browserLaunch(AdactinHotel.java:15)
	at org.testngsmart.AdactinHotel.browserLaunch(AdactinHotel.java:15)
	at org.testngsmart.AdactinHotel.browserLaunch(AdactinHotel.java:15)
	at org.testngsmart.AdactinHotel.browserLaunch(AdactinHotel.java:15)
	at org.testngsmart.AdactinHotel.browserLaunch(AdactinHotel.java:15)
	at org.testngsmart.AdactinHotel.browserLaunch(AdactinHotel.java:15)
	at org.testngsmart.AdactinHotel.browserLaunch(AdactinHotel.java:15)
	at org.testngsmart.AdactinHotel.browserLaunch(AdactinHotel.java:15)
	at org.testngsmart.AdactinHotel.browserLaunch(AdactinHotel.java:15)
	at org.testngsmart.AdactinHotel.browserLaunch(AdactinHotel.java:15)
	at org.testngsmart.AdactinHotel.browserLaunch(AdactinHotel.java:15)
	at org.testngsmart.AdactinHotel.browserLaunch(AdactinHotel.java:15)
	at org.testngsmart.AdactinHotel.browserLaunch(AdactinHotel.java:15)
	at org.testngsmart.AdactinHotel.browserLaunch(AdactinHotel.java:15)
	at org.testngsmart.AdactinHotel.browserLaunch(AdactinHotel.java:15)
	at org.testngsmart.AdactinHotel.browserLaunch(AdactinHotel.java:15)
	at org.testngsmart.AdactinHotel.browserLaunch(AdactinHotel.java:15)
	at org.testngsmart.AdactinHotel.browserLaunch(AdactinHotel.java:15)
	at org.testngsmart.AdactinHotel.browserLaunch(AdactinHotel.java:15)
	at org.testngsmart.AdactinHotel.browserLaunch(AdactinHotel.java:15)
	at org.testngsmart.AdactinHotel.browserLaunch(AdactinHotel.java:15)
	at org.testngsmart.AdactinHotel.browserLaunch(AdactinHotel.java:15)
	at org.testngsmart.AdactinHotel.browserLaunch(AdactinHotel.java:15)
	at org.testngsmart.AdactinHotel.browserLaunch(AdactinHotel.java:15)
	at org.testngsmart.AdactinHotel.browserLaunch(AdactinHotel.java:15)
	at org.testngsmart.AdactinHotel.browserLaunch(AdactinHotel.java:15)
	at org.testngsmart.AdactinHotel.browserLaunch(AdactinHotel.java:15)
	at org.testngsmart.AdactinHotel.browserLaunch(AdactinHotel.java:15)
	at org.testngsmart.AdactinHotel.browserLaunch(AdactinHotel.java:15)
	at org.testngsmart.AdactinHotel.browserLaunch(AdactinHotel.java:15)
	at org.testngsmart.AdactinHotel.browserLaunch(AdactinHotel.java:15)
	at org.testngsmart.AdactinHotel.browserLaunch(AdactinHotel.java:15)
	at org.testngsmart.AdactinHotel.browserLaunch(AdactinHotel.java:15)
	at org.testngsmart.AdactinHotel.browserLaunch(AdactinHotel.java:15)
	at org.testngsmart.AdactinHotel.browserLaunch(AdactinHotel.java:15)
	at org.testngsmart.AdactinHotel.browserLaunch(AdactinHotel.java:15)
	at org.testngsmart.AdactinHotel.browserLaunch(AdactinHotel.java:15)
	at org.testngsmart.AdactinHotel.browserLaunch(AdactinHotel.java:15)
	at org.testngsmart.AdactinHotel.browserLaunch(AdactinHotel.java:15)
	at org.testngsmart.AdactinHotel.browserLaunch(AdactinHotel.java:15)
	at org.testngsmart.AdactinHotel.browserLaunch(AdactinHotel.java:15)
	at org.testngsmart.AdactinHotel.browserLaunch(AdactinHotel.java:15)
	at org.testngsmart.AdactinHotel.browserLaunch(AdactinHotel.java:15)
	at org.testngsmart.AdactinHotel.browserLaunch(AdactinHotel.java:15)
	at org.testngsmart.AdactinHotel.browserLaunch(AdactinHotel.java:15)
	at org.testngsmart.AdactinHotel.browserLaunch(AdactinHotel.java:15)
	at org.testngsmart.AdactinHotel.browserLaunch(AdactinHotel.java:15)
	at org.testngsmart.AdactinHotel.browserLaunch(AdactinHotel.java:15)
	at org.testngsmart.AdactinHotel.browserLaunch(AdactinHotel.java:15)
	at org.testngsmart.AdactinHotel.browserLaunch(AdactinHotel.java:15)
	at org.testngsmart.AdactinHotel.browserLaunch(AdactinHotel.java:15)
	at org.testngsmart.AdactinHotel.browserLaunch(AdactinHotel.java:15)
	at org.testngsmart.AdactinHotel.browserLaunch(AdactinHotel.java:15)
	at org.testngsmart.AdactinHotel.browserLaunch(AdactinHotel.java:15)
	at org.testngsmart.AdactinHotel.browserLaunch(AdactinHotel.java:15)
	at org.testngsmart.AdactinHotel.browserLaunch(AdactinHotel.java:15)
	at org.testngsmart.AdactinHotel.browserLaunch(AdactinHotel.java:15)
	at org.testngsmart.AdactinHotel.browserLaunch(AdactinHotel.java:15)
	at org.testngsmart.AdactinHotel.browserLaunch(AdactinHotel.java:15)
	at org.testngsmart.AdactinHotel.browserLaunch(AdactinHotel.java:15)
	at org.testngsmart.AdactinHotel.browserLaunch(AdactinHotel.java:15)
	at org.testngsmart.AdactinHotel.browserLaunch(AdactinHotel.java:15)
	at org.testngsmart.AdactinHotel.browserLaunch(AdactinHotel.java:15)
	at org.testngsmart.AdactinHotel.browserLaunch(AdactinHotel.java:15)
	at org.testngsmart.AdactinHotel.browserLaunch(AdactinHotel.java:15)
	at org.testngsmart.AdactinHotel.browserLaunch(AdactinHotel.java:15)
	at org.testngsmart.AdactinHotel.browserLaunch(AdactinHotel.java:15)
	at org.testngsmart.AdactinHotel.browserLaunch(AdactinHotel.java:15)
	at org.testngsmart.AdactinHotel.browserLaunch(AdactinHotel.java:15)
	at org.testngsmart.AdactinHotel.browserLaunch(AdactinHotel.java:15)
	at org.testngsmart.AdactinHotel.browserLaunch(AdactinHotel.java:15)
	at org.testngsmart.AdactinHotel.browserLaunch(AdactinHotel.java:15)
	at org.testngsmart.AdactinHotel.browserLaunch(AdactinHotel.java:15)
	at org.testngsmart.AdactinHotel.browserLaunch(AdactinHotel.java:15)
	at org.testngsmart.AdactinHotel.browserLaunch(AdactinHotel.java:15)
	at org.testngsmart.AdactinHotel.browserLaunch(AdactinHotel.java:15)
	at org.testngsmart.AdactinHotel.browserLaunch(AdactinHotel.java:15)
	at org.testngsmart.AdactinHotel.browserLaunch(AdactinHotel.java:15)
	at org.testngsmart.AdactinHotel.browserLaunch(AdactinHotel.java:15)
	at org.testngsmart.AdactinHotel.browserLaunch(AdactinHotel.java:15)
	at org.testngsmart.AdactinHotel.browserLaunch(AdactinHotel.java:15)
	at org.testngsmart.AdactinHotel.browserLaunch(AdactinHotel.java:15)
	at org.testngsmart.AdactinHotel.browserLaunch(AdactinHotel.java:15)
	at org.testngsmart.AdactinHotel.browserLaunch(AdactinHotel.java:15)
	at org.testngsmart.AdactinHotel.browserLaunch(AdactinHotel.java:15)
	at org.testngsmart.AdactinHotel.browserLaunch(AdactinHotel.java:15)
	at org.testngsmart.AdactinHotel.browserLaunch(AdactinHotel.java:15)
	at org.testngsmart.AdactinHotel.browserLaunch(AdactinHotel.java:15)
	at org.testngsmart.AdactinHotel.browserLaunch(AdactinHotel.java:15)
	at org.testngsmart.AdactinHotel.browserLaunch(AdactinHotel.java:15)
	at org.testngsmart.AdactinHotel.browserLaunch(AdactinHotel.java:15)
	at org.testngsmart.AdactinHotel.browserLaunch(AdactinHotel.java:15)
	at org.testngsmart.AdactinHotel.browserLaunch(AdactinHotel.java:15)
	at org.testngsmart.AdactinHotel.browserLaunch(AdactinHotel.java:15)
	at org.testngsmart.AdactinHotel.browserLaunch(AdactinHotel.java:15)
	at org.testngsmart.AdactinHotel.browserLaunch(AdactinHotel.java:15)
	at org.testngsmart.AdactinHotel.browserLaunch(AdactinHotel.java:15)
	at org.testngsmart.AdactinHotel.browserLaunch(AdactinHotel.java:15)
	at org.testngsmart.AdactinHotel.browserLaunch(AdactinHotel.java:15)
	at org.testngsmart.AdactinHotel.browserLaunch(AdactinHotel.java:15)
	at org.testngsmart.AdactinHotel.browserLaunch(AdactinHotel.java:15)
	at org.testngsmart.AdactinHotel.browserLaunch(AdactinHotel.java:15)
	at org.testngsmart.AdactinHotel.browserLaunch(AdactinHotel.java:15)
	at org.testngsmart.AdactinHotel.browserLaunch(AdactinHotel.java:15)
	at org.testngsmart.AdactinHotel.browserLaunch(AdactinHotel.java:15)
	at org.testngsmart.AdactinHotel.browserLaunch(AdactinHotel.java:15)
	at org.testngsmart.AdactinHotel.browserLaunch(AdactinHotel.java:15)
	at org.testngsmart.AdactinHotel.browserLaunch(AdactinHotel.java:15)
	at org.testngsmart.AdactinHotel.browserLaunch(AdactinHotel.java:15)
	at org.testngsmart.AdactinHotel.browserLaunch(AdactinHotel.java:15)
	at org.testngsmart.AdactinHotel.browserLaunch(AdactinHotel.java:15)
	at org.testngsmart.AdactinHotel.browserLaunch(AdactinHotel.java:15)
	at org.testngsmart.AdactinHotel.browserLaunch(AdactinHotel.java:15)
	at org.testngsmart.AdactinHotel.browserLaunch(AdactinHotel.java:15)
	at org.testngsmart.AdactinHotel.browserLaunch(AdactinHotel.java:15)
	at org.testngsmart.AdactinHotel.browserLaunch(AdactinHotel.java:15)
	at org.testngsmart.AdactinHotel.browserLaunch(AdactinHotel.java:15)
	at org.testngsmart.AdactinHotel.browserLaunch(AdactinHotel.java:15)
	at org.testngsmart.AdactinHotel.browserLaunch(AdactinHotel.java:15)
	at org.testngsmart.AdactinHotel.browserLaunch(AdactinHotel.java:15)
	at org.testngsmart.AdactinHotel.browserLaunch(AdactinHotel.java:15)
	at org.testngsmart.AdactinHotel.browserLaunch(AdactinHotel.java:15)
	at org.testngsmart.AdactinHotel.browserLaunch(AdactinHotel.java:15)
	at org.testngsmart.AdactinHotel.browserLaunch(AdactinHotel.java:15)
	at org.testngsmart.AdactinHotel.browserLaunch(AdactinHotel.java:15)
	at org.testngsmart.AdactinHotel.browserLaunch(AdactinHotel.java:15)
	at org.testngsmart.AdactinHotel.browserLaunch(AdactinHotel.java:15)
	at org.testngsmart.AdactinHotel.browserLaunch(AdactinHotel.java:15)
	at org.testngsmart.AdactinHotel.browserLaunch(AdactinHotel.java:15)
	at org.testngsmart.AdactinHotel.browserLaunch(AdactinHotel.java:15)
	at org.testngsmart.AdactinHotel.browserLaunch(AdactinHotel.java:15)
	at org.testngsmart.AdactinHotel.browserLaunch(AdactinHotel.java:15)
	at org.testngsmart.AdactinHotel.browserLaunch(AdactinHotel.java:15)
	at org.testngsmart.AdactinHotel.browserLaunch(AdactinHotel.java:15)
	at org.testngsmart.AdactinHotel.browserLaunch(AdactinHotel.java:15)
	at org.testngsmart.AdactinHotel.browserLaunch(AdactinHotel.java:15)
	at org.testngsmart.AdactinHotel.browserLaunch(AdactinHotel.java:15)
	at org.testngsmart.AdactinHotel.browserLaunch(AdactinHotel.java:15)
	at org.testngsmart.AdactinHotel.browserLaunch(AdactinHotel.java:15)
	at org.testngsmart.AdactinHotel.browserLaunch(AdactinHotel.java:15)
	at org.testngsmart.AdactinHotel.browserLaunch(AdactinHotel.java:15)
	at org.testngsmart.AdactinHotel.browserLaunch(AdactinHotel.java:15)
	at org.testngsmart.AdactinHotel.browserLaunch(AdactinHotel.java:15)
	at org.testngsmart.AdactinHotel.browserLaunch(AdactinHotel.java:15)
	at org.testngsmart.AdactinHotel.browserLaunch(AdactinHotel.java:15)
	at org.testngsmart.AdactinHotel.browserLaunch(AdactinHotel.java:15)
	at org.testngsmart.AdactinHotel.browserLaunch(AdactinHotel.java:15)
	at org.testngsmart.AdactinHotel.browserLaunch(AdactinHotel.java:15)
	at org.testngsmart.AdactinHotel.browserLaunch(AdactinHotel.java:15)
	at org.testngsmart.AdactinHotel.browserLaunch(AdactinHotel.java:15)
	at org.testngsmart.AdactinHotel.browserLaunch(AdactinHotel.java:15)
	at org.testngsmart.AdactinHotel.browserLaunch(AdactinHotel.java:15)
	at org.testngsmart.AdactinHotel.browserLaunch(AdactinHotel.java:15)
	at org.testngsmart.AdactinHotel.browserLaunch(AdactinHotel.java:15)
	at org.testngsmart.AdactinHotel.browserLaunch(AdactinHotel.java:15)
	at org.testngsmart.AdactinHotel.browserLaunch(AdactinHotel.java:15)
	at org.testngsmart.AdactinHotel.browserLaunch(AdactinHotel.java:15)
	at org.testngsmart.AdactinHotel.browserLaunch(AdactinHotel.java:15)
	at org.testngsmart.AdactinHotel.browserLaunch(AdactinHotel.java:15)
	at org.testngsmart.AdactinHotel.browserLaunch(AdactinHotel.java:15)
	at org.testngsmart.AdactinHotel.browserLaunch(AdactinHotel.java:15)
	at org.testngsmart.AdactinHotel.browserLaunch(AdactinHotel.java:15)
	at org.testngsmart.AdactinHotel.browserLaunch(AdactinHotel.java:15)
	at org.testngsmart.AdactinHotel.browserLaunch(AdactinHotel.java:15)
	at org.testngsmart.AdactinHotel.browserLaunch(AdactinHotel.java:15)
	at org.testngsmart.AdactinHotel.browserLaunch(AdactinHotel.java:15)
	at org.testngsmart.AdactinHotel.browserLaunch(AdactinHotel.java:15)
	at org.testngsmart.AdactinHotel.browserLaunch(AdactinHotel.java:15)
	at org.testngsmart.AdactinHotel.browserLaunch(AdactinHotel.java:15)
	at org.testngsmart.AdactinHotel.browserLaunch(AdactinHotel.java:15)
	at org.testngsmart.AdactinHotel.browserLaunch(AdactinHotel.java:15)
	at org.testngsmart.AdactinHotel.browserLaunch(AdactinHotel.java:15)
	at org.testngsmart.AdactinHotel.browserLaunch(AdactinHotel.java:15)
	at org.testngsmart.AdactinHotel.browserLaunch(AdactinHotel.java:15)
	at org.testngsmart.AdactinHotel.browserLaunch(AdactinHotel.java:15)
	at org.testngsmart.AdactinHotel.browserLaunch(AdactinHotel.java:15)
	at org.testngsmart.AdactinHotel.browserLaunch(AdactinHotel.java:15)
	at org.testngsmart.AdactinHotel.browserLaunch(AdactinHotel.java:15)
	at org.testngsmart.AdactinHotel.browserLaunch(AdactinHotel.java:15)
	at org.testngsmart.AdactinHotel.browserLaunch(AdactinHotel.java:15)
	at org.testngsmart.AdactinHotel.browserLaunch(AdactinHotel.java:15)
	at org.testngsmart.AdactinHotel.browserLaunch(AdactinHotel.java:15)
	at org.testngsmart.AdactinHotel.browserLaunch(AdactinHotel.java:15)
	at org.testngsmart.AdactinHotel.browserLaunch(AdactinHotel.java:15)
	at org.testngsmart.AdactinHotel.browserLaunch(AdactinHotel.java:15)
	at org.testngsmart.AdactinHotel.browserLaunch(AdactinHotel.java:15)
	at org.testngsmart.AdactinHotel.browserLaunch(AdactinHotel.java:15)
	at org.testngsmart.AdactinHotel.browserLaunch(AdactinHotel.java:15)
	at org.testngsmart.AdactinHotel.browserLaunch(AdactinHotel.java:15)
	at org.testngsmart.AdactinHotel.browserLaunch(AdactinHotel.java:15)
	at org.testngsmart.AdactinHotel.browserLaunch(AdactinHotel.java:15)
	at org.testngsmart.AdactinHotel.browserLaunch(AdactinHotel.java:15)
	at org.testngsmart.AdactinHotel.browserLaunch(AdactinHotel.java:15)
	at org.testngsmart.AdactinHotel.browserLaunch(AdactinHotel.java:15)
	at org.testngsmart.AdactinHotel.browserLaunch(AdactinHotel.java:15)
	at org.testngsmart.AdactinHotel.browserLaunch(AdactinHotel.java:15)
	at org.testngsmart.AdactinHotel.browserLaunch(AdactinHotel.java:15)
	at org.testngsmart.AdactinHotel.browserLaunch(AdactinHotel.java:15)
	at org.testngsmart.AdactinHotel.browserLaunch(AdactinHotel.java:15)
	at org.testngsmart.AdactinHotel.browserLaunch(AdactinHotel.java:15)
	at org.testngsmart.AdactinHotel.browserLaunch(AdactinHotel.java:15)
	at org.testngsmart.AdactinHotel.browserLaunch(AdactinHotel.java:15)
	at org.testngsmart.AdactinHotel.browserLaunch(AdactinHotel.java:15)
	at org.testngsmart.AdactinHotel.browserLaunch(AdactinHotel.java:15)
	at org.testngsmart.AdactinHotel.browserLaunch(AdactinHotel.java:15)
	at org.testngsmart.AdactinHotel.browserLaunch(AdactinHotel.java:15)
	at org.testngsmart.AdactinHotel.browserLaunch(AdactinHotel.java:15)
	at org.testngsmart.AdactinHotel.browserLaunch(AdactinHotel.java:15)
	at org.testngsmart.AdactinHotel.browserLaunch(AdactinHotel.java:15)
	at org.testngsmart.AdactinHotel.browserLaunch(AdactinHotel.java:15)
	at org.testngsmart.AdactinHotel.browserLaunch(AdactinHotel.java:15)
	at org.testngsmart.AdactinHotel.browserLaunch(AdactinHotel.java:15)
	at org.testngsmart.AdactinHotel.browserLaunch(AdactinHotel.java:15)
	at org.testngsmart.AdactinHotel.browserLaunch(AdactinHotel.java:15)
	at org.testngsmart.AdactinHotel.browserLaunch(AdactinHotel.java:15)
	at org.testngsmart.AdactinHotel.browserLaunch(AdactinHotel.java:15)
	at org.testngsmart.AdactinHotel.browserLaunch(AdactinHotel.java:15)
	at org.testngsmart.AdactinHotel.browserLaunch(AdactinHotel.java:15)
	at org.testngsmart.AdactinHotel.browserLaunch(AdactinHotel.java:15)
	at org.testngsmart.AdactinHotel.browserLaunch(AdactinHotel.java:15)
	at org.testngsmart.AdactinHotel.browserLaunch(AdactinHotel.java:15)
	at org.testngsmart.AdactinHotel.browserLaunch(AdactinHotel.java:15)
	at org.testngsmart.AdactinHotel.browserLaunch(AdactinHotel.java:15)
	at org.testngsmart.AdactinHotel.browserLaunch(AdactinHotel.java:15)
	at org.testngsmart.AdactinHotel.browserLaunch(AdactinHotel.java:15)
	at org.testngsmart.AdactinHotel.browserLaunch(AdactinHotel.java:15)
	at org.testngsmart.AdactinHotel.browserLaunch(AdactinHotel.java:15)
	at org.testngsmart.AdactinHotel.browserLaunch(AdactinHotel.java:15)
	at org.testngsmart.AdactinHotel.browserLaunch(AdactinHotel.java:15)
	at org.testngsmart.AdactinHotel.browserLaunch(AdactinHotel.java:15)
	at org.testngsmart.AdactinHotel.browserLaunch(AdactinHotel.java:15)
	at org.testngsmart.AdactinHotel.browserLaunch(AdactinHotel.java:15)
	at org.testngsmart.AdactinHotel.browserLaunch(AdactinHotel.java:15)
	at org.testngsmart.AdactinHotel.browserLaunch(AdactinHotel.java:15)
	at org.testngsmart.AdactinHotel.browserLaunch(AdactinHotel.java:15)
	at org.testngsmart.AdactinHotel.browserLaunch(AdactinHotel.java:15)
	at org.testngsmart.AdactinHotel.browserLaunch(AdactinHotel.java:15)
	at org.testngsmart.AdactinHotel.browserLaunch(AdactinHotel.java:15)
	at org.testngsmart.AdactinHotel.browserLaunch(AdactinHotel.java:15)
	at org.testngsmart.AdactinHotel.browserLaunch(AdactinHotel.java:15)
	at org.testngsmart.AdactinHotel.browserLaunch(AdactinHotel.java:15)
	at org.testngsmart.AdactinHotel.browserLaunch(AdactinHotel.java:15)
	at org.testngsmart.AdactinHotel.browserLaunch(AdactinHotel.java:15)
	at org.testngsmart.AdactinHotel.browserLaunch(AdactinHotel.java:15)
	at org.testngsmart.AdactinHotel.browserLaunch(AdactinHotel.java:15)
	at org.testngsmart.AdactinHotel.browserLaunch(AdactinHotel.java:15)
	at org.testngsmart.AdactinHotel.browserLaunch(AdactinHotel.java:15)
	at org.testngsmart.AdactinHotel.browserLaunch(AdactinHotel.java:15)
	at org.testngsmart.AdactinHotel.browserLaunch(AdactinHotel.java:15)
	at org.testngsmart.AdactinHotel.browserLaunch(AdactinHotel.java:15)
	at org.testngsmart.AdactinHotel.browserLaunch(AdactinHotel.java:15)
	at org.testngsmart.AdactinHotel.browserLaunch(AdactinHotel.java:15)
	at org.testngsmart.AdactinHotel.browserLaunch(AdactinHotel.java:15)
	at org.testngsmart.AdactinHotel.browserLaunch(AdactinHotel.java:15)
	at org.testngsmart.AdactinHotel.browserLaunch(AdactinHotel.java:15)
	at org.testngsmart.AdactinHotel.browserLaunch(AdactinHotel.java:15)
	at org.testngsmart.AdactinHotel.browserLaunch(AdactinHotel.java:15)
	at org.testngsmart.AdactinHotel.browserLaunch(AdactinHotel.java:15)
	at org.testngsmart.AdactinHotel.browserLaunch(AdactinHotel.java:15)
	at org.testngsmart.AdactinHotel.browserLaunch(AdactinHotel.java:15)
	at org.testngsmart.AdactinHotel.browserLaunch(AdactinHotel.java:15)
	at org.testngsmart.AdactinHotel.browserLaunch(AdactinHotel.java:15)
	at org.testngsmart.AdactinHotel.browserLaunch(AdactinHotel.java:15)
	at org.testngsmart.AdactinHotel.browserLaunch(AdactinHotel.java:15)
	at org.testngsmart.AdactinHotel.browserLaunch(AdactinHotel.java:15)
	at org.testngsmart.AdactinHotel.browserLaunch(AdactinHotel.java:15)
	at org.testngsmart.AdactinHotel.browserLaunch(AdactinHotel.java:15)
	at org.testngsmart.AdactinHotel.browserLaunch(AdactinHotel.java:15)
	at org.testngsmart.AdactinHotel.browserLaunch(AdactinHotel.java:15)
	at org.testngsmart.AdactinHotel.browserLaunch(AdactinHotel.java:15)
	at org.testngsmart.AdactinHotel.browserLaunch(AdactinHotel.java:15)
	at org.testngsmart.AdactinHotel.browserLaunch(AdactinHotel.java:15)
	at org.testngsmart.AdactinHotel.browserLaunch(AdactinHotel.java:15)
	at org.testngsmart.AdactinHotel.browserLaunch(AdactinHotel.java:15)
	at org.testngsmart.AdactinHotel.browserLaunch(AdactinHotel.java:15)
	at org.testngsmart.AdactinHotel.browserLaunch(AdactinHotel.java:15)
	at org.testngsmart.AdactinHotel.browserLaunch(AdactinHotel.java:15)
	at org.testngsmart.AdactinHotel.browserLaunch(AdactinHotel.java:15)
	at org.testngsmart.AdactinHotel.browserLaunch(AdactinHotel.java:15)
	at org.testngsmart.AdactinHotel.browserLaunch(AdactinHotel.java:15)
	at org.testngsmart.AdactinHotel.browserLaunch(AdactinHotel.java:15)
	at org.testngsmart.AdactinHotel.browserLaunch(AdactinHotel.java:15)
	at org.testngsmart.AdactinHotel.browserLaunch(AdactinHotel.java:15)
	at org.testngsmart.AdactinHotel.browserLaunch(AdactinHotel.java:15)
	at org.testngsmart.AdactinHotel.browserLaunch(AdactinHotel.java:15)
	at org.testngsmart.AdactinHotel.browserLaunch(AdactinHotel.java:15)
	at org.testngsmart.AdactinHotel.browserLaunch(AdactinHotel.java:15)
	at org.testngsmart.AdactinHotel.browserLaunch(AdactinHotel.java:15)
	at org.testngsmart.AdactinHotel.browserLaunch(AdactinHotel.java:15)
	at org.testngsmart.AdactinHotel.browserLaunch(AdactinHotel.java:15)
	at org.testngsmart.AdactinHotel.browserLaunch(AdactinHotel.java:15)
	at org.testngsmart.AdactinHotel.browserLaunch(AdactinHotel.java:15)
	at org.testngsmart.AdactinHotel.browserLaunch(AdactinHotel.java:15)
	at org.testngsmart.AdactinHotel.browserLaunch(AdactinHotel.java:15)
	at org.testngsmart.AdactinHotel.browserLaunch(AdactinHotel.java:15)
	at org.testngsmart.AdactinHotel.browserLaunch(AdactinHotel.java:15)
	at org.testngsmart.AdactinHotel.browserLaunch(AdactinHotel.java:15)
	at org.testngsmart.AdactinHotel.browserLaunch(AdactinHotel.java:15)
	at org.testngsmart.AdactinHotel.browserLaunch(AdactinHotel.java:15)
	at org.testngsmart.AdactinHotel.browserLaunch(AdactinHotel.java:15)
	at org.testngsmart.AdactinHotel.browserLaunch(AdactinHotel.java:15)
	at org.testngsmart.AdactinHotel.browserLaunch(AdactinHotel.java:15)
	at org.testngsmart.AdactinHotel.browserLaunch(AdactinHotel.java:15)
	at org.testngsmart.AdactinHotel.browserLaunch(AdactinHotel.java:15)
	at org.testngsmart.AdactinHotel.browserLaunch(AdactinHotel.java:15)
	at org.testngsmart.AdactinHotel.browserLaunch(AdactinHotel.java:15)
	at org.testngsmart.AdactinHotel.browserLaunch(AdactinHotel.java:15)
	at org.testngsmart.AdactinHotel.browserLaunch(AdactinHotel.java:15)
	at org.testngsmart.AdactinHotel.browserLaunch(AdactinHotel.java:15)
	at org.testngsmart.AdactinHotel.browserLaunch(AdactinHotel.java:15)
	at org.testngsmart.AdactinHotel.browserLaunch(AdactinHotel.java:15)
	at org.testngsmart.AdactinHotel.browserLaunch(AdactinHotel.java:15)
	at org.testngsmart.AdactinHotel.browserLaunch(AdactinHotel.java:15)
	at org.testngsmart.AdactinHotel.browserLaunch(AdactinHotel.java:15)
	at org.testngsmart.AdactinHotel.browserLaunch(AdactinHotel.java:15)
	at org.testngsmart.AdactinHotel.browserLaunch(AdactinHotel.java:15)
	at org.testngsmart.AdactinHotel.browserLaunch(AdactinHotel.java:15)
	at org.testngsmart.AdactinHotel.browserLaunch(AdactinHotel.java:15)
	at org.testngsmart.AdactinHotel.browserLaunch(AdactinHotel.java:15)
	at org.testngsmart.AdactinHotel.browserLaunch(AdactinHotel.java:15)
	at org.testngsmart.AdactinHotel.browserLaunch(AdactinHotel.java:15)
	at org.testngsmart.AdactinHotel.browserLaunch(AdactinHotel.java:15)
	at org.testngsmart.AdactinHotel.browserLaunch(AdactinHotel.java:15)
	at org.testngsmart.AdactinHotel.browserLaunch(AdactinHotel.java:15)
	at org.testngsmart.AdactinHotel.browserLaunch(AdactinHotel.java:15)
	at org.testngsmart.AdactinHotel.browserLaunch(AdactinHotel.java:15)
	at org.testngsmart.AdactinHotel.browserLaunch(AdactinHotel.java:15)
	at org.testngsmart.AdactinHotel.browserLaunch(AdactinHotel.java:15)
	at org.testngsmart.AdactinHotel.browserLaunch(AdactinHotel.java:15)
	at org.testngsmart.AdactinHotel.browserLaunch(AdactinHotel.java:15)
	at org.testngsmart.AdactinHotel.browserLaunch(AdactinHotel.java:15)
	at org.testngsmart.AdactinHotel.browserLaunch(AdactinHotel.java:15)
	at org.testngsmart.AdactinHotel.browserLaunch(AdactinHotel.java:15)
	at org.testngsmart.AdactinHotel.browserLaunch(AdactinHotel.java:15)
	at org.testngsmart.AdactinHotel.browserLaunch(AdactinHotel.java:15)
	at org.testngsmart.AdactinHotel.browserLaunch(AdactinHotel.java:15)
	at org.testngsmart.AdactinHotel.browserLaunch(AdactinHotel.java:15)
	at org.testngsmart.AdactinHotel.browserLaunch(AdactinHotel.java:15)
	at org.testngsmart.AdactinHotel.browserLaunch(AdactinHotel.java:15)
	at org.testngsmart.AdactinHotel.browserLaunch(AdactinHotel.java:15)
]]>
            </full-stacktrace>
          </exception> <!-- java.lang.StackOverflowError -->
          <reporter-output>
          </reporter-output>
        </test-method> <!-- browserLaunch -->
        <test-method status="SKIP" signature="endTime()[pri:0, instance:org.testngsmart.AdactinHotel@1a968a59]" name="endTime" is-config="true" duration-ms="0" started-at="2024-01-13T16:45:49Z" finished-at="2024-01-13T16:45:49Z">
          <reporter-output>
          </reporter-output>
        </test-method> <!-- endTime -->
        <test-method status="SKIP" signature="start()[pri:0, instance:org.testngsmart.AdactinHotel@1a968a59]" name="start" is-config="true" duration-ms="0" started-at="2024-01-13T16:45:49Z" finished-at="2024-01-13T16:45:49Z">
          <reporter-output>
          </reporter-output>
        </test-method> <!-- start -->
        <test-method status="SKIP" signature="testCase1(java.lang.String, java.lang.String)[pri:0, instance:org.testngsmart.AdactinHotel@1a968a59]" name="testCase1" duration-ms="3" started-at="2024-01-13T16:45:49Z" finished-at="2024-01-13T16:45:49Z">
          <params>
            <param index="0">
              <value>
                <![CDATA[vaithy2410]]>
              </value>
            </param>
            <param index="1">
              <value>
                <![CDATA[vaithy@2410]]>
              </value>
            </param>
          </params>
          <reporter-output>
          </reporter-output>
        </test-method> <!-- testCase1 -->
      </class> <!-- org.testngsmart.AdactinHotel -->
    </test> <!-- Test -->
  </suite> <!-- Suite -->
</testng-results>
